<?xml version="1.0" encoding="UTF-8"?>
<testng-results total="1" passed="1" failed="0" skipped="0">
  <reporter-output>
  </reporter-output>
  <suite started-at="2018-05-24T07:23:20Z" name="Suite" finished-at="2018-05-24T07:23:38Z" duration-ms="17474">
    <groups>
    </groups>
    <test started-at="2018-05-24T07:23:20Z" name="Test" finished-at="2018-05-24T07:23:38Z" duration-ms="17474">
      <class name="com.jenkins.samples.JenkinDemo">
        <test-method signature="testSample()[pri:0, instance:com.jenkins.samples.JenkinDemo@1622f1b]" started-at="2018-05-24T12:53:20Z" name="testSample" finished-at="2018-05-24T12:53:38Z" duration-ms="17453" status="PASS">
          <reporter-output>
          </reporter-output>
        </test-method> <!-- testSample -->
      </class> <!-- com.jenkins.samples.JenkinDemo -->
    </test> <!-- Test -->
  </suite> <!-- Suite -->
</testng-results>
